/opt/homebrew/Cellar/node/21.2.0/bin/node /opt/homebrew/bin/sfdx hardis:scratch:create --pool --json/opt/homebrew/Cellar/node/21.2.0/bin/node /opt/homebrew/bin/sfdx hardis:scratch:create --pool --json/opt/homebrew/Cellar/node/21.2.0/bin/node /opt/homebrew/bin/sfdx hardis:scratch:create --pool --json[sfdx-hardis][command] sfdx force:org:display --targetusername DevHub_Test-Scratch --json
[sfdx-hardis][command] sfdx force:org:display --targetusername DevHub_Test-Scratch --json
[sfdx-hardis][command] sfdx force:org:display --targetusername DevHub_Test-Scratch --json
[sfdx-hardis][WARNING] stderr: (node:28411) [DEP0040] DeprecationWarning: The `punycode` module is deprecated. Please use a userland alternative instead.
(Use `node --trace-deprecation ...` to show where the warning was created)

[sfdx-hardis][WARNING] stderr: (node:28412) [DEP0040] DeprecationWarning: The `punycode` module is deprecated. Please use a userland alternative instead.
(Use `node --trace-deprecation ...` to show where the warning was created)

[sfdx-hardis][WARNING] stderr: (node:28413) [DEP0040] DeprecationWarning: The `punycode` module is deprecated. Please use a userland alternative instead.
(Use `node --trace-deprecation ...` to show where the warning was created)

[sfdx-hardis] You are already connected as bimal.prabha@empathetic-raccoon-bvkstq.com on org https://empathetic-raccoon-bvkstq-dev-ed.trailblaze.my.salesforce.com
[sfdx-hardis] If this is NOT the org you want to play with, hit CTRL+C, then input sfdx hardis:org:select
[sfdx-hardis][command] sfdx config:set defaultdevhubusername=bimal.prabha@empathetic-raccoon-bvkstq.com --json
[sfdx-hardis] You are already connected as bimal.prabha@empathetic-raccoon-bvkstq.com on org https://empathetic-raccoon-bvkstq-dev-ed.trailblaze.my.salesforce.com
[sfdx-hardis] If this is NOT the org you want to play with, hit CTRL+C, then input sfdx hardis:org:select
[sfdx-hardis][command] sfdx config:set defaultdevhubusername=bimal.prabha@empathetic-raccoon-bvkstq.com --json
[sfdx-hardis] You are already connected as bimal.prabha@empathetic-raccoon-bvkstq.com on org https://empathetic-raccoon-bvkstq-dev-ed.trailblaze.my.salesforce.com
[sfdx-hardis] If this is NOT the org you want to play with, hit CTRL+C, then input sfdx hardis:org:select
[sfdx-hardis][command] sfdx config:set defaultdevhubusername=bimal.prabha@empathetic-raccoon-bvkstq.com --json
[sfdx-hardis][WARNING] stderr: (node:28421) [DEP0040] DeprecationWarning: The `punycode` module is deprecated. Please use a userland alternative instead.
(Use `node --trace-deprecation ...` to show where the warning was created)

[sfdx-hardis][WARNING] stderr: (node:28423) [DEP0040] DeprecationWarning: The `punycode` module is deprecated. Please use a userland alternative instead.
(Use `node --trace-deprecation ...` to show where the warning was created)

[sfdx-hardis][WARNING] stderr: (node:28422) [DEP0040] DeprecationWarning: The `punycode` module is deprecated. Please use a userland alternative instead.
(Use `node --trace-deprecation ...` to show where the warning was created)

